<?xml version="1.0" encoding="UTF-8"?>
<!-- Generated by org.testng.reporters.JUnitReportReporter -->
<testsuite hostname="AppajiPC" failures="0" tests="1" name="com.selenium.ddf.testcases.LoginTest" time="6.510" errors="0" timestamp="2021-11-07T18:41:00 IST" skipped="0">
  <testcase classname="com.selenium.ddf.testcases.LoginTest" name="loginTest" time="6.510"/>
  <system-out/>
</testsuite> <!-- com.selenium.ddf.testcases.LoginTest -->
