<?xml version="1.0" encoding="UTF-8"?>
<!-- Generated by org.testng.reporters.JUnitReportReporter -->
<testsuite hostname="AppajiPC" failures="0" tests="1" name="com.selenium.ddf.testcases.LoginTest" time="12.327" errors="0" timestamp="2021-11-03T17:49:50 IST" skipped="0">
  <testcase classname="com.selenium.ddf.testcases.LoginTest" name="loginTest" time="12.327"/>
  <system-out/>
</testsuite> <!-- com.selenium.ddf.testcases.LoginTest -->
