<?xml version="1.0" encoding="UTF-8"?>
<!-- Generated by org.testng.reporters.JUnitReportReporter -->
<testsuite hostname="AppajiPC" failures="0" tests="3" name="hotelbooking.PaymentMethods" time="0.004" errors="0" timestamp="2021-11-07T21:01:34 IST" skipped="0">
  <testcase classname="hotelbooking.PaymentMethods" name="payonline" time="0.002"/>
  <system-out/>
  <testcase classname="hotelbooking.PaymentMethods" name="payCash" time="0.001"/>
  <system-out/>
  <testcase classname="hotelbooking.PaymentMethods" name="applyDiscount" time="0.001"/>
  <system-out/>
</testsuite> <!-- hotelbooking.PaymentMethods -->
