<?xml version="1.0" encoding="UTF-8"?>
<!-- Generated by org.testng.reporters.JUnitReportReporter -->
<testsuite hostname="AppajiPC" failures="0" tests="3" name="hotelbooking.Communications" time="0.003" errors="0" timestamp="2021-11-07T21:01:34 IST" skipped="0">
  <testcase classname="hotelbooking.Communications" name="communicateOffers" time="0.001"/>
  <system-out/>
  <testcase classname="hotelbooking.Communications" name="communicateOffers" time="0.001"/>
  <system-out/>
  <testcase classname="hotelbooking.Communications" name="emailBill" time="0.001"/>
  <system-out/>
</testsuite> <!-- hotelbooking.Communications -->
