<?xml version="1.0" encoding="UTF-8"?>
<!-- Generated by org.testng.reporters.JUnitReportReporter -->
<testsuite hostname="AppajiPC" failures="0" tests="1" name="testcases.rediff.Session" time="13.641" errors="0" timestamp="2021-11-08T20:05:31 IST" skipped="0">
  <testcase classname="testcases.rediff.Session" name="doLogin" time="13.641"/>
  <system-out/>
</testsuite> <!-- testcases.rediff.Session -->
