<?xml version="1.0" encoding="UTF-8"?>
<!-- Generated by org.testng.reporters.JUnitReportReporter -->
<testsuite hostname="AppajiPC" failures="0" tests="1" name="com.selenium.ddf.testcases.LoginTest" time="26.064" errors="0" timestamp="2021-11-05T16:57:27 IST" skipped="0">
  <testcase classname="com.selenium.ddf.testcases.LoginTest" name="loginTest" time="26.064"/>
  <system-out/>
</testsuite> <!-- com.selenium.ddf.testcases.LoginTest -->
