<?xml version="1.0" encoding="UTF-8"?>
<!-- Generated by org.testng.reporters.JUnitReportReporter -->
<testsuite hostname="AppajiPC" failures="0" tests="5" name="hotelbooking.BookHotel" time="0.008" errors="0" timestamp="2021-11-07T21:01:34 IST" skipped="0">
  <testcase classname="hotelbooking.BookHotel" name="bookingComplete" time="0.001"/>
  <system-out/>
  <testcase classname="hotelbooking.BookHotel" name="selectHotel" time="0.001"/>
  <system-out/>
  <testcase classname="hotelbooking.BookHotel" name="selectHotel" time="0.004"/>
  <system-out/>
  <testcase classname="hotelbooking.BookHotel" name="bookingComplete" time="0.001"/>
  <system-out/>
  <testcase classname="hotelbooking.BookHotel" name="searchHotel" time="0.001"/>
  <system-out/>
</testsuite> <!-- hotelbooking.BookHotel -->
