<?xml version="1.0" encoding="UTF-8"?>
<!-- Generated by org.testng.reporters.JUnitReportReporter -->
<testsuite hostname="AppajiPC" failures="0" tests="1" name="testcases.rediff.Session" time="16.163" errors="0" timestamp="2021-11-12T22:49:51 IST" skipped="0">
  <testcase classname="testcases.rediff.Session" name="doLogin" time="16.163"/>
  <system-out/>
</testsuite> <!-- testcases.rediff.Session -->
