<?xml version="1.0" encoding="UTF-8"?>
<!-- Generated by org.testng.reporters.JUnitReportReporter -->
<testsuite hostname="AppajiPC" failures="0" tests="1" name="testcases.rediff.PortfolioManagement" time="2.373" errors="0" timestamp="2021-11-08T20:05:31 IST" skipped="0">
  <testcase classname="testcases.rediff.PortfolioManagement" name="createPortfolio" time="2.373"/>
  <system-out/>
</testsuite> <!-- testcases.rediff.PortfolioManagement -->
