<?xml version="1.0" encoding="UTF-8"?>
<!-- Generated by org.testng.reporters.JUnitReportReporter -->
<testsuite hostname="AppajiPC" failures="0" tests="3" name="hotelbooking.BookHotel" time="0.001" errors="0" timestamp="2021-11-06T13:48:22 IST" skipped="0">
  <testcase classname="hotelbooking.BookHotel" name="searchHotel" time="0.001"/>
  <system-out/>
  <testcase classname="hotelbooking.BookHotel" name="selectHotel" time="0.000"/>
  <system-out/>
  <testcase classname="hotelbooking.BookHotel" name="bookingComplete" time="0.000"/>
  <system-out/>
</testsuite> <!-- hotelbooking.BookHotel -->
